2025-10-05 14:57:15, MOVE, v:1, k:toalha, mode:DOWN
2025-10-05 14:57:23, MOVE, v:1, k:toalha, mode:PICK
2025-10-05 15:04:12, MOVE, v:1, k:toalha, mode:BACK
2025-10-05 15:04:54, MOVE, v:1, k:toalha, mode:PICK
2025-10-05 15:06:43, MOVE, v:1, k:toalha, mode:BACK
2025-10-05 15:07:32, MOVE, v:1, k:toalha, mode:PICK
2025-10-05 19:53:00, MOVE, v:1, k:toalha, mode:PICK
2025-10-05 19:53:26, EXEC, v:1, k:toalha, mode:LOCK, rate:0, size:64
2025-10-05 19:53:49, EXEC, v:1, k:toalha, mode:LOCK, rate:0, size:53
2025-10-05 19:53:52, EXEC, v:1, k:toalha, mode:FREE
2025-10-05 20:01:58, MOVE, v:1, k:animal, mode:PICK
2025-10-05 20:24:44, EXEC, v:1, k:animal, mode:FULL, rate:25, size:39
2025-10-05 20:29:58, EXEC, v:1, k:animal, mode:FULL, rate:25, size:43
2025-10-05 20:30:59, EXEC, v:1, k:animal, mode:FULL, rate:25, size:43
2025-10-05 20:33:18, EXEC, v:1, k:animal, mode:FULL, rate:50, size:46
2025-10-05 20:34:50, EXEC, v:1, k:animal, mode:FULL, rate:100, size:48
2025-10-05 20:35:25, MOVE, v:1, k:animal, mode:BACK
2025-10-05 20:36:30, MOVE, v:1, k:animal, mode:PICK
2025-10-05 20:36:43, EXEC, v:1, k:animal, mode:FULL, rate:100
2025-10-05 20:38:00, EXEC, v:1, k:animal, mode:FREE
2025-10-05 20:38:39, MOVE, v:1, k:animal, mode:PICK
2025-10-05 20:38:42, EXEC, v:1, k:animal, mode:FULL, rate:100
2025-10-05 20:38:45, EXEC, v:1, k:animal, mode:FREE
